f:\important_coursework\cpp_cw2015\cpp_cw2015\debug\vc120.pdb
f:\important_coursework\cpp_cw2015\cpp_cw2015\debug\vc120.idb
f:\important_coursework\cpp_cw2015\cpp_cw2015\debug\mainfunction.sbr
f:\important_coursework\cpp_cw2015\cpp_cw2015\debug\baseengine.sbr
f:\important_coursework\cpp_cw2015\cpp_cw2015\debug\displayableobject.sbr
f:\important_coursework\cpp_cw2015\cpp_cw2015\debug\fontmanager.sbr
f:\important_coursework\cpp_cw2015\cpp_cw2015\debug\jpgimage.sbr
f:\important_coursework\cpp_cw2015\cpp_cw2015\debug\nxs13uenemyobject.sbr
f:\important_coursework\cpp_cw2015\cpp_cw2015\debug\nxs13umain.sbr
f:\important_coursework\cpp_cw2015\cpp_cw2015\debug\nxs13uplayeroneobject.sbr
f:\important_coursework\cpp_cw2015\cpp_cw2015\debug\nxs13uplayertwoobject.sbr
f:\important_coursework\cpp_cw2015\cpp_cw2015\debug\nxs13utilemanager.sbr
f:\important_coursework\cpp_cw2015\cpp_cw2015\debug\simpledemo.sbr
f:\important_coursework\cpp_cw2015\cpp_cw2015\debug\tilemanager.sbr
f:\important_coursework\cpp_cw2015\cpp_cw2015\debug\bouncingball.sbr
f:\important_coursework\cpp_cw2015\cpp_cw2015\debug\bouncingballmain.sbr
f:\important_coursework\cpp_cw2015\cpp_cw2015\debug\demo1main.sbr
f:\important_coursework\cpp_cw2015\cpp_cw2015\debug\demo2main.sbr
f:\important_coursework\cpp_cw2015\cpp_cw2015\debug\demo2object.sbr
f:\important_coursework\cpp_cw2015\cpp_cw2015\debug\demo2tilemanager.sbr
f:\important_coursework\cpp_cw2015\cpp_cw2015\debug\demo3main.sbr
f:\important_coursework\cpp_cw2015\cpp_cw2015\debug\demo3object.sbr
f:\important_coursework\cpp_cw2015\cpp_cw2015\debug\demo3object.obj
f:\important_coursework\cpp_cw2015\cpp_cw2015\debug\demo3main.obj
f:\important_coursework\cpp_cw2015\cpp_cw2015\debug\demo2tilemanager.obj
f:\important_coursework\cpp_cw2015\cpp_cw2015\debug\demo2object.obj
f:\important_coursework\cpp_cw2015\cpp_cw2015\debug\demo2main.obj
f:\important_coursework\cpp_cw2015\cpp_cw2015\debug\demo1main.obj
f:\important_coursework\cpp_cw2015\cpp_cw2015\debug\bouncingballmain.obj
f:\important_coursework\cpp_cw2015\cpp_cw2015\debug\bouncingball.obj
f:\important_coursework\cpp_cw2015\cpp_cw2015\debug\tilemanager.obj
f:\important_coursework\cpp_cw2015\cpp_cw2015\debug\simpledemo.obj
f:\important_coursework\cpp_cw2015\cpp_cw2015\debug\nxs13utilemanager.obj
f:\important_coursework\cpp_cw2015\cpp_cw2015\debug\nxs13uplayertwoobject.obj
f:\important_coursework\cpp_cw2015\cpp_cw2015\debug\nxs13uplayeroneobject.obj
f:\important_coursework\cpp_cw2015\cpp_cw2015\debug\nxs13umain.obj
f:\important_coursework\cpp_cw2015\cpp_cw2015\debug\nxs13uenemyobject.obj
f:\important_coursework\cpp_cw2015\cpp_cw2015\debug\jpgimage.obj
f:\important_coursework\cpp_cw2015\cpp_cw2015\debug\fontmanager.obj
f:\important_coursework\cpp_cw2015\cpp_cw2015\debug\displayableobject.obj
f:\important_coursework\cpp_cw2015\cpp_cw2015\debug\baseengine.obj
f:\important_coursework\cpp_cw2015\cpp_cw2015\debug\mainfunction.obj
f:\important_coursework\cpp_cw2015\cpp_cw2015\debug\demo3objectfinished.sbr
f:\important_coursework\cpp_cw2015\cpp_cw2015\debug\demo3tilemanager.sbr
f:\important_coursework\cpp_cw2015\cpp_cw2015\debug\demo4main.sbr
f:\important_coursework\cpp_cw2015\cpp_cw2015\debug\demo4object.sbr
f:\important_coursework\cpp_cw2015\cpp_cw2015\debug\demo4tilemanager.sbr
f:\important_coursework\cpp_cw2015\cpp_cw2015\debug\demo4tilemanager.obj
f:\important_coursework\cpp_cw2015\cpp_cw2015\debug\demo4object.obj
f:\important_coursework\cpp_cw2015\cpp_cw2015\debug\demo4main.obj
f:\important_coursework\cpp_cw2015\cpp_cw2015\debug\demo3tilemanager.obj
f:\important_coursework\cpp_cw2015\cpp_cw2015\debug\demo3objectfinished.obj
f:\important_coursework\cpp_cw2015\cpp_cw2015\debug\courseworkbase.ilk
f:\important_coursework\cpp_cw2015\cpp_cw2015\debug\courseworkbase.exe
f:\important_coursework\cpp_cw2015\cpp_cw2015\src\map
f:\important_coursework\cpp_cw2015\cpp_cw2015\debug\courseworkbase.pdb
f:\important_coursework\cpp_cw2015\cpp_cw2015\debug\courseworkbase.bsc
f:\important_coursework\cpp_cw2015\cpp_cw2015\/debug\courseworkbase.pdb
f:\important_coursework\cpp_cw2015\cpp_cw2015\/debug\courseworkbase.exe
f:\important_coursework\cpp_cw2015\cpp_cw2015\/debug\courseworkbase.bsc
f:\important_coursework\cpp_cw2015\cpp_cw2015\/debug\courseworkbase.ilk
f:\important_coursework\cpp_cw2015\cpp_cw2015\debug\courseworkbase.tlog\cl.read.1.tlog
f:\important_coursework\cpp_cw2015\cpp_cw2015\debug\courseworkbase.tlog\cl.write.1.tlog
f:\important_coursework\cpp_cw2015\cpp_cw2015\debug\courseworkbase.tlog\cl.command.1.tlog
f:\important_coursework\cpp_cw2015\cpp_cw2015\debug\courseworkbase.tlog\link.read.1.tlog
f:\important_coursework\cpp_cw2015\cpp_cw2015\debug\courseworkbase.tlog\link.write.1.tlog
f:\important_coursework\cpp_cw2015\cpp_cw2015\debug\courseworkbase.tlog\link.command.1.tlog
f:\important_coursework\cpp_cw2015\cpp_cw2015\debug\courseworkbase.tlog\bscmake.read.1.tlog
f:\important_coursework\cpp_cw2015\cpp_cw2015\debug\courseworkbase.tlog\bscmake.write.1.tlog
f:\important_coursework\cpp_cw2015\cpp_cw2015\debug\courseworkbase.tlog\bscmake.command.1.tlog
